<?xml version="1.0" encoding="UTF-8"?>
<testng-results ignored="0" total="1" passed="1" failed="0" skipped="0">
  <reporter-output>
  </reporter-output>
  <suite started-at="2023-07-27T21:15:35 CEST" name="Default suite" finished-at="2023-07-27T21:15:42 CEST" duration-ms="6437">
    <groups>
    </groups>
    <test started-at="2023-07-27T21:15:35 CEST" name="Default test" finished-at="2023-07-27T21:15:42 CEST" duration-ms="6437">
      <class name="seleniumcomar.ComarTesting">
        <test-method signature="test_commar()[pri:0, instance:seleniumcomar.ComarTesting@75d4a5c2]" started-at="2023-07-27T21:15:35 CEST" name="test_commar" finished-at="2023-07-27T21:15:41 CEST" duration-ms="6393" status="PASS">
          <reporter-output>
          </reporter-output>
        </test-method> <!-- test_commar -->
      </class> <!-- seleniumcomar.ComarTesting -->
    </test> <!-- Default test -->
  </suite> <!-- Default suite -->
</testng-results>
